<?xml version="1.0" encoding="UTF-8"?>
<!-- Generated by org.testng.reporters.JUnitReportReporter -->
<testsuite hostname="CPX-6Q66GL2UREG" failures="0" tests="1" name="Presto.Demo" time="16.663" errors="0" timestamp="2020-11-26T16:07:12 EST" skipped="0">
  <testcase classname="Presto.Demo" name="test" time="16.663"/>
  <system-out/>
</testsuite> <!-- Presto.Demo -->
